<?xml version="1.0" encoding="UTF-8"?>
<!-- Generated by org.testng.reporters.JUnitReportReporter -->
<testsuite hostname="LAPTOP-A8LVSE7A" failures="0" tests="1" name="com.taskmanagerplus.tests.TaskSearchTest" time="3.904" errors="0" timestamp="2024-07-11T15:50:39 ADT" skipped="0">
  <testcase classname="com.taskmanagerplus.tests.TaskSearchTest" name="testSearchTask" time="3.904"/>
</testsuite> <!-- com.taskmanagerplus.tests.TaskSearchTest -->
