<?xml version="1.0" encoding="UTF-8"?>
<!-- Generated by org.testng.reporters.JUnitReportReporter -->
<testsuite hostname="LAPTOP-A8LVSE7A" failures="0" tests="4" name="com.taskmanagerplus.tests.LoginTest" time="12.408" errors="0" timestamp="2024-07-19T10:46:03 ADT" skipped="0">
  <testcase classname="com.taskmanagerplus.tests.LoginTest" name="testLoginWithInvalidCredentials" time="3.427"/>
  <testcase classname="com.taskmanagerplus.tests.LoginTest" name="testLoginWithShortCredentials" time="2.277"/>
  <testcase classname="com.taskmanagerplus.tests.LoginTest" name="testLoginWithEmptyCredentials" time="2.979"/>
  <testcase classname="com.taskmanagerplus.tests.LoginTest" name="testLogin" time="3.725"/>
</testsuite> <!-- com.taskmanagerplus.tests.LoginTest -->
