<?xml version="1.0" encoding="UTF-8"?>
<!-- Generated by org.testng.reporters.JUnitReportReporter -->
<testsuite hostname="LAPTOP-A8LVSE7A" failures="0" tests="1" name="com.taskmanagerplus.tests.LoginTest" time="12.462" errors="0" timestamp="2024-07-11T15:33:24 ADT" skipped="0">
  <testcase classname="com.taskmanagerplus.tests.LoginTest" name="testLogin" time="12.462"/>
</testsuite> <!-- com.taskmanagerplus.tests.LoginTest -->
