<?xml version="1.0" encoding="UTF-8"?>
<!-- Generated by org.testng.reporters.JUnitReportReporter -->
<testsuite hostname="LAPTOP-A8LVSE7A" failures="0" tests="4" name="com.taskmanagerplus.tests.LoginTest" time="11.655" errors="0" timestamp="2024-07-19T10:40:09 ADT" skipped="0">
  <testcase classname="com.taskmanagerplus.tests.LoginTest" name="testLoginWithEmptyCredentials" time="2.985"/>
  <testcase classname="com.taskmanagerplus.tests.LoginTest" name="testLoginWithShortCredentials" time="2.291"/>
  <testcase classname="com.taskmanagerplus.tests.LoginTest" name="testLogin" time="3.745"/>
  <testcase classname="com.taskmanagerplus.tests.LoginTest" name="testLoginWithInvalidCredentials" time="2.634"/>
</testsuite> <!-- com.taskmanagerplus.tests.LoginTest -->
