<?xml version="1.0" encoding="UTF-8"?>
<!-- Generated by org.testng.reporters.JUnitReportReporter -->
<testsuite hostname="LAPTOP-A8LVSE7A" failures="0" tests="1" name="com.taskmanagerplus.tests.TaskSearchTest" time="8.435" errors="0" timestamp="2024-07-16T10:54:35 ADT" skipped="0">
  <testcase classname="com.taskmanagerplus.tests.TaskSearchTest" name="deleteTask_shouldRemoveTaskFromList" time="8.435"/>
</testsuite> <!-- com.taskmanagerplus.tests.TaskSearchTest -->
