<?xml version="1.0" encoding="UTF-8"?>
<!-- Generated by org.testng.reporters.JUnitReportReporter -->
<testsuite hostname="LAPTOP-A8LVSE7A" failures="0" tests="4" name="com.taskmanagerplus.tests.LoginTest" time="9.711" errors="0" timestamp="2024-07-19T16:25:10 ADT" skipped="0">
  <testcase classname="com.taskmanagerplus.tests.LoginTest" name="testLoginWithShortCredentials" time="1.807"/>
  <testcase classname="com.taskmanagerplus.tests.LoginTest" name="testLoginWithEmptyCredentials" time="1.924"/>
  <testcase classname="com.taskmanagerplus.tests.LoginTest" name="testLogin" time="3.000"/>
  <testcase classname="com.taskmanagerplus.tests.LoginTest" name="testLoginWithInvalidCredentials" time="2.980"/>
</testsuite> <!-- com.taskmanagerplus.tests.LoginTest -->
